  Game.cpp
c:\users\usuario\documents\visual studio 2015\projects\asteroidsproject\src\asteroidsgame\game.cpp(85): warning C4244: 'inicializando': conversión de 'std::streamoff' a 'int'; posible pérdida de datos
c:\users\usuario\documents\visual studio 2015\projects\asteroidsproject\src\asteroidsgame\game.cpp(103): warning C4244: 'inicializando': conversión de 'std::streamoff' a 'int'; posible pérdida de datos
c:\users\usuario\documents\visual studio 2015\projects\asteroidsproject\src\asteroidsgame\game.cpp(121): warning C4244: 'inicializando': conversión de 'std::streamoff' a 'int'; posible pérdida de datos
c:\users\usuario\documents\visual studio 2015\projects\asteroidsproject\src\asteroidsgame\game.cpp(893): warning C4244: 'argumento': conversión de 'time_t' a 'unsigned int'; posible pérdida de datos
c:\users\usuario\documents\visual studio 2015\projects\asteroidsproject\src\asteroidsgame\game.cpp(1059): warning C4244: '-=': conversión de 'double' a 'int'; posible pérdida de datos
c:\users\usuario\documents\visual studio 2015\projects\asteroidsproject\src\asteroidsgame\game.cpp(1062): warning C4244: '+=': conversión de 'double' a 'int'; posible pérdida de datos
c:\users\usuario\documents\visual studio 2015\projects\asteroidsproject\src\asteroidsgame\game.cpp(1065): warning C4244: '+=': conversión de 'double' a 'int'; posible pérdida de datos
c:\users\usuario\documents\visual studio 2015\projects\asteroidsproject\src\asteroidsgame\game.cpp(1068): warning C4244: '-=': conversión de 'double' a 'int'; posible pérdida de datos
c:\users\usuario\documents\visual studio 2015\projects\asteroidsproject\src\asteroidsgame\game.cpp(1090): warning C4018: '<': no coinciden signed/unsigned
c:\users\usuario\documents\visual studio 2015\projects\asteroidsproject\src\asteroidsgame\game.cpp(1092): warning C4244: '-=': conversión de 'double' a 'int'; posible pérdida de datos
c:\users\usuario\documents\visual studio 2015\projects\asteroidsproject\src\asteroidsgame\game.cpp(1093): warning C4244: '-=': conversión de 'double' a 'int'; posible pérdida de datos
c:\users\usuario\documents\visual studio 2015\projects\asteroidsproject\src\asteroidsgame\game.cpp(1107): warning C4018: '<': no coinciden signed/unsigned
c:\users\usuario\documents\visual studio 2015\projects\asteroidsproject\src\asteroidsgame\game.cpp(1111): warning C4244: '-=': conversión de 'float' a 'int'; posible pérdida de datos
c:\users\usuario\documents\visual studio 2015\projects\asteroidsproject\src\asteroidsgame\game.cpp(1112): warning C4244: '-=': conversión de 'float' a 'int'; posible pérdida de datos
c:\users\usuario\documents\visual studio 2015\projects\asteroidsproject\src\asteroidsgame\game.cpp(1121): warning C4018: '<': no coinciden signed/unsigned
c:\users\usuario\documents\visual studio 2015\projects\asteroidsproject\src\asteroidsgame\game.cpp(1124): warning C4244: '-=': conversión de 'float' a 'int'; posible pérdida de datos
c:\users\usuario\documents\visual studio 2015\projects\asteroidsproject\src\asteroidsgame\game.cpp(1125): warning C4244: '-=': conversión de 'float' a 'int'; posible pérdida de datos
c:\users\usuario\documents\visual studio 2015\projects\asteroidsproject\src\asteroidsgame\game.cpp(1134): warning C4018: '<': no coinciden signed/unsigned
c:\users\usuario\documents\visual studio 2015\projects\asteroidsproject\src\asteroidsgame\game.cpp(1137): warning C4244: '-=': conversión de 'float' a 'int'; posible pérdida de datos
c:\users\usuario\documents\visual studio 2015\projects\asteroidsproject\src\asteroidsgame\game.cpp(1138): warning C4244: '-=': conversión de 'float' a 'int'; posible pérdida de datos
c:\users\usuario\documents\visual studio 2015\projects\asteroidsproject\src\asteroidsgame\game.cpp(1147): warning C4018: '<': no coinciden signed/unsigned
c:\users\usuario\documents\visual studio 2015\projects\asteroidsproject\src\asteroidsgame\game.cpp(1163): warning C4244: 'argumento': conversión de 'double' a 'Uint32'; posible pérdida de datos
c:\users\usuario\documents\visual studio 2015\projects\asteroidsproject\src\asteroidsgame\game.cpp(1168): warning C4018: '<': no coinciden signed/unsigned
c:\users\usuario\documents\visual studio 2015\projects\asteroidsproject\src\asteroidsgame\game.cpp(1169): warning C4018: '<': no coinciden signed/unsigned
c:\users\usuario\documents\visual studio 2015\projects\asteroidsproject\src\asteroidsgame\game.cpp(1192): warning C4018: '<': no coinciden signed/unsigned
c:\users\usuario\documents\visual studio 2015\projects\asteroidsproject\src\asteroidsgame\game.cpp(1210): warning C4244: 'argumento': conversión de 'double' a 'Uint32'; posible pérdida de datos
c:\users\usuario\documents\visual studio 2015\projects\asteroidsproject\src\asteroidsgame\game.cpp(1217): warning C4018: '<': no coinciden signed/unsigned
c:\users\usuario\documents\visual studio 2015\projects\asteroidsproject\src\asteroidsgame\game.cpp(1218): warning C4018: '<': no coinciden signed/unsigned
c:\users\usuario\documents\visual studio 2015\projects\asteroidsproject\src\asteroidsgame\game.cpp(1241): warning C4018: '<': no coinciden signed/unsigned
c:\users\usuario\documents\visual studio 2015\projects\asteroidsproject\src\asteroidsgame\game.cpp(1256): warning C4244: 'argumento': conversión de 'double' a 'Uint32'; posible pérdida de datos
c:\users\usuario\documents\visual studio 2015\projects\asteroidsproject\src\asteroidsgame\game.cpp(1263): warning C4018: '<': no coinciden signed/unsigned
c:\users\usuario\documents\visual studio 2015\projects\asteroidsproject\src\asteroidsgame\game.cpp(1264): warning C4018: '<': no coinciden signed/unsigned
c:\users\usuario\documents\visual studio 2015\projects\asteroidsproject\src\asteroidsgame\game.cpp(1317): warning C4018: '<': no coinciden signed/unsigned
c:\users\usuario\documents\visual studio 2015\projects\asteroidsproject\src\asteroidsgame\game.cpp(919): warning C4101: 'delta': variable local sin referencia
c:\users\usuario\documents\visual studio 2015\projects\asteroidsproject\src\asteroidsgame\game.cpp(1477): warning C4244: '=': conversión de 'int' a 'float'; posible pérdida de datos
c:\users\usuario\documents\visual studio 2015\projects\asteroidsproject\src\asteroidsgame\game.cpp(1528): warning C4244: '=': conversión de 'int' a 'float'; posible pérdida de datos
c:\users\usuario\documents\visual studio 2015\projects\asteroidsproject\src\asteroidsgame\game.cpp(1576): warning C4244: '=': conversión de 'int' a 'float'; posible pérdida de datos
  AsteroidsGame.vcxproj -> C:\Users\Usuario\Documents\Visual Studio 2015\Projects\AsteroidsProject\\bin\Win32Debug\AsteroidsGame.exe
  AsteroidsGame.vcxproj -> C:\Users\Usuario\Documents\Visual Studio 2015\Projects\AsteroidsProject\\bin\Win32Debug\AsteroidsGame.pdb (Full PDB)
  0 archivo(s) copiado(s)
